manifest_indices were "0"
collection_id is "6"
https://textgridlab.org/1.0/iiif/manifests/textgrid:24gv9.0/manifest.json
"update_statistic start"
"update_statistic finish"
"update_statistic start"
"update_statistic finish"
"update_statistic start"
"update_statistic finish"
"update_statistic start"
"update_statistic finish"
"update_statistic start"
"update_statistic finish"
"update_statistic start"
"update_statistic finish"
"update_statistic start"
"update_statistic finish"
"update_statistic start"
"update_statistic finish"
"update_statistic start"
"update_statistic finish"
"update_statistic start"
"update_statistic finish"
Graphic Recordings DH Summit 2015 has been imported
Collection import has completed with these errors: {}
